<?xml version="1.0" encoding="UTF-8"?>
<testng-results skipped="0" failed="0" ignored="0" total="2" passed="2">
  <reporter-output>
  </reporter-output>
  <suite name="Default suite" duration-ms="115" started-at="2019-04-15T18:56:26Z" finished-at="2019-04-15T18:56:26Z">
    <groups>
    </groups>
    <test name="Default test" duration-ms="115" started-at="2019-04-15T18:56:26Z" finished-at="2019-04-15T18:56:26Z">
      <class name="com.testngpkg.TestNGbasics">
        <test-method status="PASS" signature="setup()[pri:0, instance:com.testngpkg.TestNGbasics@4501b7af]" name="setup" is-config="true" duration-ms="28" started-at="2019-04-15T18:56:26Z" finished-at="2019-04-15T18:56:26Z">
          <reporter-output>
          </reporter-output>
        </test-method> <!-- setup -->
        <test-method status="PASS" signature="launchBrowser()[pri:0, instance:com.testngpkg.TestNGbasics@4501b7af]" name="launchBrowser" is-config="true" duration-ms="1" started-at="2019-04-15T18:56:26Z" finished-at="2019-04-15T18:56:26Z">
          <reporter-output>
          </reporter-output>
        </test-method> <!-- launchBrowser -->
        <test-method status="PASS" signature="login()[pri:0, instance:com.testngpkg.TestNGbasics@4501b7af]" name="login" is-config="true" duration-ms="0" started-at="2019-04-15T18:56:26Z" finished-at="2019-04-15T18:56:26Z">
          <reporter-output>
          </reporter-output>
        </test-method> <!-- login -->
        <test-method status="PASS" signature="enterURL()[pri:0, instance:com.testngpkg.TestNGbasics@4501b7af]" name="enterURL" is-config="true" duration-ms="1" started-at="2019-04-15T18:56:26Z" finished-at="2019-04-15T18:56:26Z">
          <reporter-output>
          </reporter-output>
        </test-method> <!-- enterURL -->
        <test-method status="PASS" signature="googletitletest()[pri:0, instance:com.testngpkg.TestNGbasics@4501b7af]" name="googletitletest" duration-ms="17" started-at="2019-04-15T18:56:26Z" finished-at="2019-04-15T18:56:26Z">
          <reporter-output>
          </reporter-output>
        </test-method> <!-- googletitletest -->
        <test-method status="PASS" signature="logout()[pri:0, instance:com.testngpkg.TestNGbasics@4501b7af]" name="logout" is-config="true" duration-ms="1" started-at="2019-04-15T18:56:26Z" finished-at="2019-04-15T18:56:26Z">
          <reporter-output>
          </reporter-output>
        </test-method> <!-- logout -->
        <test-method status="PASS" signature="enterURL()[pri:0, instance:com.testngpkg.TestNGbasics@4501b7af]" name="enterURL" is-config="true" duration-ms="1" started-at="2019-04-15T18:56:26Z" finished-at="2019-04-15T18:56:26Z">
          <reporter-output>
          </reporter-output>
        </test-method> <!-- enterURL -->
        <test-method status="PASS" signature="search()[pri:0, instance:com.testngpkg.TestNGbasics@4501b7af]" name="search" duration-ms="7" started-at="2019-04-15T18:56:26Z" finished-at="2019-04-15T18:56:26Z">
          <reporter-output>
          </reporter-output>
        </test-method> <!-- search -->
        <test-method status="PASS" signature="logout()[pri:0, instance:com.testngpkg.TestNGbasics@4501b7af]" name="logout" is-config="true" duration-ms="0" started-at="2019-04-15T18:56:26Z" finished-at="2019-04-15T18:56:26Z">
          <reporter-output>
          </reporter-output>
        </test-method> <!-- logout -->
        <test-method status="PASS" signature="closebrowser()[pri:0, instance:com.testngpkg.TestNGbasics@4501b7af]" name="closebrowser" is-config="true" duration-ms="1" started-at="2019-04-15T18:56:26Z" finished-at="2019-04-15T18:56:26Z">
          <reporter-output>
          </reporter-output>
        </test-method> <!-- closebrowser -->
        <test-method status="PASS" signature="deleteallcookies()[pri:0, instance:com.testngpkg.TestNGbasics@4501b7af]" name="deleteallcookies" is-config="true" duration-ms="1" started-at="2019-04-15T18:56:26Z" finished-at="2019-04-15T18:56:26Z">
          <reporter-output>
          </reporter-output>
        </test-method> <!-- deleteallcookies -->
        <test-method status="PASS" signature="generatetestreport()[pri:0, instance:com.testngpkg.TestNGbasics@4501b7af]" name="generatetestreport" is-config="true" duration-ms="1" started-at="2019-04-15T18:56:26Z" finished-at="2019-04-15T18:56:26Z">
          <reporter-output>
          </reporter-output>
        </test-method> <!-- generatetestreport -->
      </class> <!-- com.testngpkg.TestNGbasics -->
    </test> <!-- Default test -->
  </suite> <!-- Default suite -->
</testng-results>
